{
  "stats": {
    "suites": 1,
    "tests": 5,
    "passes": 4,
    "pending": 1,
    "failures": 0,
    "start": "2023-07-04T17:12:17.270Z",
    "end": "2023-07-04T17:12:19.281Z",
    "duration": 2011,
    "testsRegistered": 5,
    "passPercent": 100,
    "pendingPercent": 20,
    "other": 0,
    "hasOther": false,
    "skipped": 0,
    "hasSkipped": false
  },
  "results": [
    {
      "uuid": "59d74e49-3a91-4412-ba45-20cdceed2be8",
      "title": "",
      "fullFile": "D:\\Projects\\API Automation\\api-automation-javascript\\test\\reqres\\api-test.js",
      "file": "\\test\\reqres\\api-test.js",
      "beforeHooks": [],
      "afterHooks": [],
      "tests": [],
      "suites": [
        {
          "uuid": "0bdc152f-f9d8-4273-a246-b2aed764cd1c",
          "title": "Sample Test in https://reqres.in/api",
          "fullFile": "D:\\Projects\\API Automation\\api-automation-javascript\\test\\reqres\\api-test.js",
          "file": "\\test\\reqres\\api-test.js",
          "beforeHooks": [],
          "afterHooks": [],
          "tests": [
            {
              "title": "Register with new user",
              "fullTitle": "Sample Test in https://reqres.in/api Register with new user",
              "timedOut": false,
              "duration": 676,
              "state": "passed",
              "speed": "slow",
              "pass": true,
              "fail": false,
              "pending": false,
              "context": null,
              "code": "const res = await usersApi.register(data.inputData.userRegistration);",
              "err": {},
              "uuid": "25c0c9d7-e14e-46de-8f43-b794af1c7d7d",
              "parentUUID": "0bdc152f-f9d8-4273-a246-b2aed764cd1c",
              "isHook": false,
              "skipped": false
            },
            {
              "title": "Login",
              "fullTitle": "Sample Test in https://reqres.in/api Login",
              "timedOut": false,
              "duration": 535,
              "state": "passed",
              "speed": "slow",
              "pass": true,
              "fail": false,
              "pending": false,
              "context": null,
              "code": "const res = await usersApi.login(data.inputData.userLogin);\nawait userAsserter.assertLoginResponse(res.data);",
              "err": {},
              "uuid": "22827ae1-8879-42b3-aff1-a32f194cf79d",
              "parentUUID": "0bdc152f-f9d8-4273-a246-b2aed764cd1c",
              "isHook": false,
              "skipped": false
            },
            {
              "title": "Get User Details",
              "fullTitle": "Sample Test in https://reqres.in/api Get User Details",
              "timedOut": false,
              "duration": 198,
              "state": "passed",
              "speed": "slow",
              "pass": true,
              "fail": false,
              "pending": false,
              "context": null,
              "code": "const res = await usersApi.getUserByUserId(data.inputData.userId);\nawait userAsserter.assertUserDetails(res.data.data, data.expectedData.userDetails);",
              "err": {},
              "uuid": "57636330-9163-4e61-87f7-a08aab45e47e",
              "parentUUID": "0bdc152f-f9d8-4273-a246-b2aed764cd1c",
              "isHook": false,
              "skipped": false
            },
            {
              "title": "Update User Details",
              "fullTitle": "Sample Test in https://reqres.in/api Update User Details",
              "timedOut": false,
              "duration": 580,
              "state": "passed",
              "speed": "slow",
              "pass": true,
              "fail": false,
              "pending": false,
              "context": null,
              "code": "const res = await usersApi.updateUser(data.inputData.userId, data.inputData.updateUser);\nawait userAsserter.assertUpdatedUserDetails(res.data, data.inputData.updateUser);",
              "err": {},
              "uuid": "936347b7-b73c-4c74-9417-29cdcf75c8e9",
              "parentUUID": "0bdc152f-f9d8-4273-a246-b2aed764cd1c",
              "isHook": false,
              "skipped": false
            },
            {
              "title": "Delete User Details",
              "fullTitle": "Sample Test in https://reqres.in/api Delete User Details",
              "timedOut": false,
              "duration": 0,
              "state": "pending",
              "speed": null,
              "pass": false,
              "fail": false,
              "pending": true,
              "context": null,
              "code": "",
              "err": {},
              "uuid": "8b00f2c5-f5f3-4cce-a4f4-481b3242b0ce",
              "parentUUID": "0bdc152f-f9d8-4273-a246-b2aed764cd1c",
              "isHook": false,
              "skipped": false
            }
          ],
          "suites": [],
          "passes": [
            "25c0c9d7-e14e-46de-8f43-b794af1c7d7d",
            "22827ae1-8879-42b3-aff1-a32f194cf79d",
            "57636330-9163-4e61-87f7-a08aab45e47e",
            "936347b7-b73c-4c74-9417-29cdcf75c8e9"
          ],
          "failures": [],
          "pending": [
            "8b00f2c5-f5f3-4cce-a4f4-481b3242b0ce"
          ],
          "skipped": [],
          "duration": 1989,
          "root": false,
          "rootEmpty": false,
          "_timeout": 0
        }
      ],
      "passes": [],
      "failures": [],
      "pending": [],
      "skipped": [],
      "duration": 0,
      "root": true,
      "rootEmpty": true,
      "_timeout": 0
    }
  ],
  "meta": {
    "mocha": {
      "version": "10.2.0"
    },
    "mochawesome": {
      "options": {
        "quiet": false,
        "reportFilename": "reqres-regression",
        "saveHtml": true,
        "saveJson": true,
        "consoleReporter": "spec",
        "useInlineDiffs": false,
        "code": true
      },
      "version": "7.1.3"
    },
    "marge": {
      "options": {
        "reportDir": "mochawesome/reqres-regression-dev",
        "reportFilename": "reqres-regression"
      },
      "version": "6.2.0"
    }
  }
}